2021-01-25 18:01:43,361 NanoPlot 1.21.0 started with arguments Namespace(N50=True, alength=False, bam=None, barcoded=False, color='#4CB391', cram=None, downsample=None, dpi=100, drop_outliers=False, fasta=None, fastq=None, fastq_minimal=None, fastq_rich=None, font_scale=1, format='png', listcolors=False, loglength=True, maxlength=None, minlength=None, minqual=None, no_N50=False, outdir='summary-plots-log-transformed', percentqual=False, pickle=None, plots=['kde', 'dot'], prefix='', raw=False, readtype='1D', runtime_until=None, store=False, summary=['/projects/EBP/CBC/pyxicephalus/data/JMalone-liver/09JUL19_JM_liver_PRO002_LSK109/09JUL19_JM_1539liver_PAD76640_PRO002_LSK109/20190710_1249_2-A7-D7_PAD76640_8cfac641//PCT0100_20190710_124955_PAD76640_promethion_sequencing_run_09JUL19_JM_1539liver_PAD76640_PRO002_LSK109_sequencing_summary.txt'], threads=10, title='09JUL_1539_liver', verbose=False)
2021-01-25 18:01:43,361 Python version is: 3.6.3 (default, Dec 13 2017, 15:54:14)  [GCC 4.8.5 20150623 (Red Hat 4.8.5-16)]
2021-01-25 18:01:43,362 Nanoplotter: valid output format png
2021-01-25 18:01:43,381 Nanoget: Collecting metrics from summary file /projects/EBP/CBC/pyxicephalus/data/JMalone-liver/09JUL19_JM_liver_PRO002_LSK109/09JUL19_JM_1539liver_PAD76640_PRO002_LSK109/20190710_1249_2-A7-D7_PAD76640_8cfac641//PCT0100_20190710_124955_PAD76640_promethion_sequencing_run_09JUL19_JM_1539liver_PAD76640_PRO002_LSK109_sequencing_summary.txt for 1D sequencing
2021-01-25 18:01:56,998 Nanoget: Finished collecting statistics from summary file /projects/EBP/CBC/pyxicephalus/data/JMalone-liver/09JUL19_JM_liver_PRO002_LSK109/09JUL19_JM_1539liver_PAD76640_PRO002_LSK109/20190710_1249_2-A7-D7_PAD76640_8cfac641//PCT0100_20190710_124955_PAD76640_promethion_sequencing_run_09JUL19_JM_1539liver_PAD76640_PRO002_LSK109_sequencing_summary.txt
2021-01-25 18:02:07,441 Reduced DataFrame memory usage from 569.3366756439209Mb to 287.06067752838135Mb
2021-01-25 18:02:10,653 Nanoget: Gathered all metrics of 2508373 reads
2021-01-25 18:02:14,185 Calculated statistics
2021-01-25 18:02:14,186 Using sequenced read lengths for plotting.
2021-01-25 18:02:14,325 Using log10 scaled read lengths.
2021-01-25 18:02:14,735 Nanoplotter: Valid color #4CB391.
2021-01-25 18:02:15,155 Nanoplotter: Creating length plots for Read length.
2021-01-25 18:02:15,168 Nanoplotter: Using 2508373 reads with read length N50 of 12485bp and maximum of 1145173bp.
2021-01-25 18:03:21,854 Created length plots
2021-01-25 18:03:22,403 Nanoplotter: Creating Read lengths vs Average read quality plots using statistics from 2508373 reads.
2021-01-25 18:04:14,093 Created LengthvsQual plot
2021-01-25 18:04:14,093 Nanoplotter: Creating heatmap of reads per channel using 2508373 reads.
2021-01-25 18:04:15,495 Created spatialheatmap for succesfull basecalls.
2021-01-25 18:04:16,267 Nanoplotter: Creating timeplots using 2508373 reads.
2021-01-25 18:05:14,857 Created timeplots.
2021-01-25 18:05:14,858 Writing html report.
2021-01-25 18:06:44,661 Finished!
